#
# There is insufficient memory for the Java Runtime Environment to continue.
# Native memory allocation (malloc) failed to allocate 1048576 bytes for AllocateHeap
# Possible reasons:
#   The system is out of physical RAM or swap space
#   In 32 bit mode, the process size limit was hit
# Possible solutions:
#   Reduce memory load on the system
#   Increase physical memory or swap space
#   Check if swap backing store is full
#   Use 64 bit Java on a 64 bit OS
#   Decrease Java heap size (-Xmx/-Xms)
#   Decrease number of Java threads
#   Decrease Java thread stack sizes (-Xss)
#   Set larger code cache with -XX:ReservedCodeCacheSize=
# This output file may be truncated or incomplete.
#
#  Out of Memory Error (memory/allocation.inline.hpp:61), pid=20036, tid=0x0000000000003618
#
# JRE version:  (8.0_112-b06) (build )
# Java VM: OpenJDK 64-Bit Server VM (25.112-b06 mixed mode windows-amd64 compressed oops)
# Failed to write core dump. Minidumps are not enabled by default on client versions of Windows
#

---------------  T H R E A D  ---------------

Current thread (0x00000000023f0800):  JavaThread "Unknown thread" [_thread_in_vm, id=13848, stack(0x00000000022f0000,0x00000000023f0000)]

Stack: [0x00000000022f0000,0x00000000023f0000]
[error occurred during error reporting (printing stack bounds), id 0xc0000005]

Native frames: (J=compiled Java code, j=interpreted, Vv=VM code, C=native code)


---------------  P R O C E S S  ---------------

Java Threads: ( => current thread )

Other Threads:

=>0x00000000023f0800 (exited) JavaThread "Unknown thread" [_thread_in_vm, id=13848, stack(0x00000000022f0000,0x00000000023f0000)]

VM state:not at safepoint (normal execution)

VM Mutex/Monitor currently owned by a thread: None

Heap:
 PSYoungGen      total 38400K, used 665K [0x00000000eab00000, 0x00000000ed580000, 0x0000000100000000)
  eden space 33280K, 2% used [0x00000000eab00000,0x00000000eaba6670,0x00000000ecb80000)
  from space 5120K, 0% used [0x00000000ed080000,0x00000000ed080000,0x00000000ed580000)
  to   space 5120K, 0% used [0x00000000ecb80000,0x00000000ecb80000,0x00000000ed080000)
 ParOldGen       total 87552K, used 0K [0x00000000c0000000, 0x00000000c5580000, 0x00000000eab00000)
  object space 87552K, 0% used [0x00000000c0000000,0x00000000c0000000,0x00000000c5580000)
 Metaspace       used 783K, capacity 1156K, committed 1408K, reserved 1060864K
  class space    used 73K, capacity 384K, committed 384K, reserved 1048576K

Card table byte_map: [0x00000000118b0000,0x0000000011ac0000] byte_map_base: 0x00000000112b0000

Marking Bits: (ParMarkBitMap*) 0x00000000694a18f0
 Begin Bits: [0x0000000011e20000, 0x0000000012e20000)
 End Bits:   [0x0000000012e20000, 0x0000000013e20000)

Polling page: 0x00000000003d0000

CodeCache: size=245760Kb used=327Kb max_used=327Kb free=245432Kb
 bounds [0x00000000024f0000, 0x0000000002760000, 0x00000000114f0000]
 total_blobs=56 nmethods=0 adapters=38
 compilation: enabled

Compilation events (0 events):
No events

GC Heap History (0 events):
No events

Deoptimization events (0 events):
No events

Internal exceptions (0 events):
No events

Events (10 events):
Event: 0.115 loading class java/lang/Short
Event: 0.115 loading class java/lang/Short done
Event: 0.115 loading class java/lang/Integer
Event: 0.115 loading class java/lang/Integer done
Event: 0.115 loading class java/lang/Long
Event: 0.116 loading class java/lang/Long done
Event: 0.117 loading class java/lang/NullPointerException
Event: 0.117 loading class java/lang/NullPointerException done
Event: 0.117 loading class java/lang/ArithmeticException
Event: 0.117 loading class java/lang/ArithmeticException done


Dynamic libraries:
0x00007ff7e7240000 - 0x00007ff7e7271000 	D:\Android Studio\jre\bin\java.exe
0x00007ff89dc90000 - 0x00007ff89de61000 	C:\WINDOWS\SYSTEM32\ntdll.dll
0x00007ff89dbb0000 - 0x00007ff89dc5c000 	C:\WINDOWS\System32\KERNEL32.DLL
0x00007ff89a190000 - 0x00007ff89a3ad000 	C:\WINDOWS\System32\KERNELBASE.dll
0x00007ff89c1f0000 - 0x00007ff89c292000 	C:\WINDOWS\System32\ADVAPI32.dll
0x00007ff89b7a0000 - 0x00007ff89b83e000 	C:\WINDOWS\System32\msvcrt.dll
0x00007ff89c2a0000 - 0x00007ff89c2f9000 	C:\WINDOWS\System32\sechost.dll
0x00007ff89b3f0000 - 0x00007ff89b511000 	C:\WINDOWS\System32\RPCRT4.dll
0x00007ff89b8f0000 - 0x00007ff89ba55000 	C:\WINDOWS\System32\USER32.dll
0x00007ff89b200000 - 0x00007ff89b21e000 	C:\WINDOWS\System32\win32u.dll
0x00007ff89b8b0000 - 0x00007ff89b8e4000 	C:\WINDOWS\System32\GDI32.dll
0x00007ff89ae10000 - 0x00007ff89af90000 	C:\WINDOWS\System32\gdi32full.dll
0x00007ff890070000 - 0x00007ff8902ea000 	C:\WINDOWS\WinSxS\amd64_microsoft.windows.common-controls_6595b64144ccf1df_6.0.14393.953_none_42151e83c686086b\COMCTL32.dll
0x00007ff89c360000 - 0x00007ff89c628000 	C:\WINDOWS\System32\combase.dll
0x00007ff89a4c0000 - 0x00007ff89a5b5000 	C:\WINDOWS\System32\ucrtbase.dll
0x00007ff89a6c0000 - 0x00007ff89a72a000 	C:\WINDOWS\System32\bcryptPrimitives.dll
0x00007ff89dc60000 - 0x00007ff89dc8e000 	C:\WINDOWS\System32\IMM32.DLL
0x0000000068c00000 - 0x0000000068cd2000 	D:\Android Studio\jre\jre\bin\msvcr100.dll
0x0000000068ce0000 - 0x000000006951c000 	D:\Android Studio\jre\jre\bin\server\jvm.dll
0x00007ff89b220000 - 0x00007ff89b228000 	C:\WINDOWS\System32\PSAPI.DLL
0x00007ff894d90000 - 0x00007ff894d99000 	C:\WINDOWS\SYSTEM32\WSOCK32.dll
0x00007ff89b840000 - 0x00007ff89b8aa000 	C:\WINDOWS\System32\WS2_32.dll
0x00007ff898200000 - 0x00007ff898223000 	C:\WINDOWS\SYSTEM32\WINMM.dll
0x00007ff895cd0000 - 0x00007ff895cda000 	C:\WINDOWS\SYSTEM32\VERSION.dll
0x00007ff898190000 - 0x00007ff8981bb000 	C:\WINDOWS\SYSTEM32\WINMMBASE.dll
0x00007ff89a5c0000 - 0x00007ff89a602000 	C:\WINDOWS\System32\cfgmgr32.dll
0x00007ff8965f0000 - 0x00007ff8965ff000 	D:\Android Studio\jre\jre\bin\verify.dll
0x00007ff88db70000 - 0x00007ff88db99000 	D:\Android Studio\jre\jre\bin\java.dll
0x00007ff8953a0000 - 0x00007ff8953b6000 	D:\Android Studio\jre\jre\bin\zip.dll

VM Arguments:
jvm_args: -Djava.awt.headless=true -Xmx1024M -Dfile.encoding=windows-1252 -Duser.country=US -Duser.language=en -Duser.variant 
java_command: com.android.dx.command.Main --dex --force-jumbo --num-threads=4 --multi-dex --output C:\Users\Muhammed\Desktop\Android-Udacity\Quake App\app\build\intermediates\transforms\dex\debug\folders\1000\10000\instant-run_da371cb00bd9efb0fc715aaee3f0815a3a3a090e C:\Users\Muhammed\Desktop\Android-Udacity\Quake App\app\build\intermediates\incremental-runtime-classes\debug\instant-run.jar
java_class_path (initial): C:\Users\Muhammed\AppData\Local\Android\sdk\build-tools\25.0.0\lib\dx.jar
Launcher Type: SUN_STANDARD

Environment Variables:
JAVA_HOME=C:\Program Files\Java\jdk1.8.0_73
PATH=C:\Program Files (x86)\Python36-32\Scripts\;C:\Program Files (x86)\Python36-32\;C:\ProgramData\Oracle\Java\javapath;C:\WINDOWS\system32;C:\WINDOWS;C:\WINDOWS\System32\Wbem;C:\WINDOWS\System32\WindowsPowerShell\v1.0\;C:\Program Files (x86)\NVIDIA Corporation\PhysX\Common;C:\Users\Muhammed\.dnx\bin;C:\Program Files\Microsoft DNX\Dnvm\;C:\Program Files\Microsoft SQL Server\120\Tools\Binn\;C:\Users\Muhammed\AppData\Local\Microsoft\WindowsApps;C:\adb;D:\Git\cmd;C:\Program Files\Java\jdk1.8.0_73\bin;C:\Program Files\mingw-w64\bin;;C:\Program Files\Microsoft VS Code\bin
USERNAME=Muhammed
OS=Windows_NT
PROCESSOR_IDENTIFIER=Intel64 Family 6 Model 60 Stepping 3, GenuineIntel



---------------  S Y S T E M  ---------------

OS: Windows 10.0 , 64 bit Build 14393 (10.0.14393.1198)

CPU:total 2 (2 cores per cpu, 1 threads per core) family 6 model 60 stepping 3, cmov, cx8, fxsr, mmx, sse, sse2, sse3, ssse3, sse4.1, sse4.2, popcnt, clmul, erms, lzcnt, tsc, tscinvbit

Memory: 4k page, physical 8322912k(295264k free), swap 10280800k(4448k free)

vm_info: OpenJDK 64-Bit Server VM (25.112-b06) for windows-amd64 JRE (1.8.0_112-release-b06), built on Dec  8 2016 00:54:26 by "builder" with MS VC++ 10.0 (VS2010)

time: Wed Sep 27 23:02:34 2017
elapsed time: 0 seconds (0d 0h 0m 0s)

